Log file open, 10/12/18 11:14:25
LogWindows: Failed to load 'aqProf.dll' (GetLastError=126)
LogWindows: File 'aqProf.dll' does not exist
LogWindows: Failed to load 'VtuneApi.dll' (GetLastError=126)
LogWindows: File 'VtuneApi.dll' does not exist
LogWindows: Failed to load 'VtuneApi32e.dll' (GetLastError=126)
LogWindows: File 'VtuneApi32e.dll' does not exist
LogInit: Display: Running engine for game: tps
LogPlatformFile: Not using cached read wrapper
LogTaskGraph: Started task graph with 5 named threads and 23 total threads with 3 sets of task threads.
LogStats: Stats thread started at 0.276948
LogD3D11RHI: Loaded GFSDK_Aftermath_Lib.x64.dll
LogICUInternationalization: Display: ICU TimeZone Detection - Raw Offset: -8:00, Platform Override: ''
LogPluginManager: Mounting plugin Paper2D
LogPluginManager: Mounting plugin AISupport
LogPluginManager: Mounting plugin LightPropagationVolume
LogPluginManager: Mounting plugin CLionSourceCodeAccess
LogPluginManager: Mounting plugin CodeLiteSourceCodeAccess
LogPluginManager: Mounting plugin GitSourceControl
LogPluginManager: Mounting plugin KDevelopSourceCodeAccess
LogPluginManager: Mounting plugin NullSourceCodeAccess
LogPluginManager: Mounting plugin PerforceSourceControl
LogPluginManager: Mounting plugin SubversionSourceControl
LogPluginManager: Mounting plugin UObjectPlugin
LogPluginManager: Mounting plugin VisualStudioCodeSourceCodeAccess
LogPluginManager: Mounting plugin VisualStudioSourceCodeAccess
LogPluginManager: Mounting plugin XCodeSourceCodeAccess
LogPluginManager: Mounting plugin AssetManagerEditor
LogPluginManager: Mounting plugin CryptoKeys
LogPluginManager: Mounting plugin DataValidation
LogPluginManager: Mounting plugin FacialAnimation
LogPluginManager: Mounting plugin GameplayTagsEditor
LogPluginManager: Mounting plugin MacGraphicsSwitching
LogPluginManager: Mounting plugin MeshEditor
LogPluginManager: Mounting plugin MobileLauncherProfileWizard
LogPluginManager: Mounting plugin PluginBrowser
LogPluginManager: Mounting plugin SpeedTreeImporter
LogPluginManager: Mounting plugin DatasmithContent
LogPluginManager: Mounting plugin AlembicImporter
LogPluginManager: Mounting plugin AppleImageUtils
LogPluginManager: Mounting plugin AppleVision
LogPluginManager: Mounting plugin BackChannel
LogPluginManager: Mounting plugin CharacterAI
LogPluginManager: Mounting plugin GeometryCache
LogPluginManager: Mounting plugin HTML5Networking
LogPluginManager: Mounting plugin ProxyLODPlugin
LogPluginManager: Mounting plugin MagicLeap
LogPluginManager: Mounting plugin MagicLeapEmulator
LogPluginManager: Mounting plugin MagicLeapMedia
LogPluginManager: Mounting plugin AndroidMedia
LogPluginManager: Mounting plugin AvfMedia
LogPluginManager: Mounting plugin ImgMedia
LogPluginManager: Mounting plugin LinearTimecode
LogPluginManager: Mounting plugin MediaCompositing
LogPluginManager: Mounting plugin MediaPlayerEditor
LogPluginManager: Mounting plugin WmfMedia
LogPluginManager: Mounting plugin TcpMessaging
LogPluginManager: Mounting plugin UdpMessaging
LogPluginManager: Mounting plugin ActorSequence
LogPluginManager: Mounting plugin LevelSequenceEditor
LogPluginManager: Mounting plugin MatineeToLevelSequence
LogPluginManager: Mounting plugin NetcodeUnitTest
LogPluginManager: Mounting plugin NUTUnrealEngine4
LogPluginManager: Mounting plugin OnlineSubsystemGooglePlay
LogPluginManager: Mounting plugin OnlineSubsystemIOS
LogPluginManager: Mounting plugin OnlineSubsystem
LogPluginManager: Mounting plugin OnlineSubsystemNull
LogPluginManager: Mounting plugin OnlineSubsystemUtils
LogPluginManager: Mounting plugin LauncherChunkInstaller
LogPluginManager: Mounting plugin AndroidDeviceProfileSelector
LogPluginManager: Mounting plugin AndroidMoviePlayer
LogPluginManager: Mounting plugin AndroidPermission
LogPluginManager: Mounting plugin AppleMoviePlayer
LogPluginManager: Mounting plugin ArchVisCharacter
LogPluginManager: Mounting plugin AudioCapture
LogPluginManager: Mounting plugin CableComponent
LogPluginManager: Mounting plugin CustomMeshComponent
LogPluginManager: Mounting plugin EditableMesh
LogPluginManager: Mounting plugin ExampleDeviceProfileSelector
LogPluginManager: Mounting plugin GoogleCloudMessaging
LogPluginManager: Mounting plugin ImmediatePhysics
LogPluginManager: Mounting plugin IOSDeviceProfileSelector
LogPluginManager: Mounting plugin LinuxDeviceProfileSelector
LogPluginManager: Mounting plugin LocationServicesBPLibrary
LogPluginManager: Mounting plugin MobilePatchingUtils
LogPluginManager: Mounting plugin OculusVR
LogPluginManager: Plugin shader directory ../../../Engine/Plugins/Runtime/Oculus/OculusVR/Shaders found
LogPluginManager: Mapping shader source directory ../../../Engine/Plugins/Runtime/Oculus/OculusVR/Shaders to virtual directory /Plugin/OculusVR
LogPluginManager: Mounting plugin PhysXVehicles
LogPluginManager: Mounting plugin ProceduralMeshComponent
LogPluginManager: Mounting plugin RuntimePhysXCooking
LogPluginManager: Mounting plugin SteamVR
LogPluginManager: Mounting plugin WindowsMoviePlayer
LogStreaming: Display: Took  0.108s to configure plugins.
LogInit: Using libcurl 7.55.1-DEV
LogInit:  - built for x86_64-pc-win32
LogInit:  - supports SSL with OpenSSL/1.0.2h
LogInit:  - supports HTTP deflate (compression) using libz 1.2.8
LogInit:  - other features:
LogInit:      CURL_VERSION_SSL
LogInit:      CURL_VERSION_LIBZ
LogInit:      CURL_VERSION_IPV6
LogInit:      CURL_VERSION_ASYNCHDNS
LogInit:      CURL_VERSION_LARGEFILE
LogInit:      CURL_VERSION_IDN
LogInit:  CurlRequestOptions (configurable via config and command line):
LogInit:  - bVerifyPeer = false  - Libcurl will NOT verify peer certificate
LogInit:  - bUseHttpProxy = false  - Libcurl will NOT use HTTP proxy
LogInit:  - bDontReuseConnections = false  - Libcurl will reuse connections
LogInit:  - CertBundlePath = nullptr  - Libcurl will use whatever was configured at build time.
LogInit:  - MaxHostConnections = 16  - Libcurl will limit the number of connections to a host
LogInit:  - LocalHostAddr = Default
LogInit:  - BufferSize = 65536
LogInit: WinSock: version 1.1 (2.2), MaxSocks=32767, MaxUdp=65467
LogInit: Build: ++UE4+Release-4.20-CL-4212847
LogInit: Engine Version: 4.20.0-4212847+++UE4+Release-4.20
LogInit: Compatible Engine Version: 4.20.0-4212847+++UE4+Release-4.20
LogInit: Net CL: 4212847
LogInit: OS: Windows 10 (), CPU: Intel(R) Core(TM) i7-6700 CPU @ 3.40GHz, GPU: AMD FirePro W4100
LogInit: Compiled (64-bit): Jul 14 2018 09:51:14
LogInit: Compiled with Visual C++: 19.13.26129.00
LogInit: Build Configuration: Development
LogInit: Branch Name: ++UE4+Release-4.20
LogInit: Command Line: 
LogInit: Base Directory: C:/Program Files/Epic Games/UE_4.20/Engine/Binaries/Win64/
LogInit: Installed Engine Build: 1
LogDevObjectVersion: Number of dev versions registered: 20
LogDevObjectVersion:   Dev-Blueprints (B0D832E4-1F89-4F0D-ACCF-7EB736FD4AA2): 10
LogDevObjectVersion:   Dev-Build (E1C64328-A22C-4D53-A36C-8E866417BD8C): 0
LogDevObjectVersion:   Dev-Core (375EC13C-06E4-48FB-B500-84F0262A717E): 2
LogDevObjectVersion:   Dev-Editor (E4B068ED-F494-42E9-A231-DA0B2E46BB41): 24
LogDevObjectVersion:   Dev-Framework (CFFC743F-43B0-4480-9391-14DF171D2073): 34
LogDevObjectVersion:   Dev-Mobile (B02B49B5-BB20-44E9-A304-32B752E40360): 2
LogDevObjectVersion:   Dev-Networking (A4E4105C-59A1-49B5-A7C5-40C4547EDFEE): 0
LogDevObjectVersion:   Dev-Online (39C831C9-5AE6-47DC-9A44-9C173E1C8E7C): 0
LogDevObjectVersion:   Dev-Physics (78F01B33-EBEA-4F98-B9B4-84EACCB95AA2): 0
LogDevObjectVersion:   Dev-Platform (6631380F-2D4D-43E0-8009-CF276956A95A): 0
LogDevObjectVersion:   Dev-Rendering (12F88B9F-8875-4AFC-A67C-D90C383ABD29): 26
LogDevObjectVersion:   Dev-Sequencer (7B5AE74C-D270-4C10-A958-57980B212A5A): 9
LogDevObjectVersion:   Dev-VR (D7296918-1DD6-4BDD-9DE2-64A83CC13884): 2
LogDevObjectVersion:   Dev-LoadTimes (C2A15278-BFE7-4AFE-6C17-90FF531DF755): 1
LogDevObjectVersion:   Private-Geometry (6EACA3D4-40EC-4CC1-B786-8BED09428FC5): 3
LogDevObjectVersion:   Dev-AnimPhys (29E575DD-E0A3-4627-9D10-D276232CDCEA): 17
LogDevObjectVersion:   Dev-ReflectionCapture (6B266CEC-1EC7-4B8F-A30B-E4D90942FC07): 1
LogDevObjectVersion:   Dev-Automation (0DF73D61-A23F-47EA-B727-89E90C41499A): 1
LogDevObjectVersion:   FortniteMain (601D1886-AC64-4F84-AA16-D3DE0DEAC7D6): 12
LogDevObjectVersion:   Dev-Enterprise (9DFFBCD6-494F-0158-E221-12823C92A888): 1
LogStreaming: Display: Took  0.000s to delete old logs.
LogInit: Presizing for max 8388607 objects, including 0 objects not considered by GC, pre-allocating 0 bytes for permanent pool.
LogInit: Object subsystem initialized
[2018.10.12-18.14.26:038][  0]LogInit: Selected Device Profile: [Windows]
[2018.10.12-18.14.26:038][  0]LogInit: Applying CVar settings loaded from the selected device profile: [Windows]
[2018.10.12-18.14.26:044][  0]LogHAL: Display: Platform has ~ 8 GB [8510791680 / 8589934592 / 8], which maps to Default [LargestMinGB=32, LargerMinGB=12, DefaultMinGB=8, SmallerMinGB=6, SmallestMinGB=0)
[2018.10.12-18.14.26:044][  0]LogInit: Setting Device Profile CVar: [[r.Vulkan.UseRealUBs:1]]
[2018.10.12-18.14.26:045][  0]LogInit: Going up to parent DeviceProfile []
[2018.10.12-18.14.26:045][  0]LogInit: Computer: CLSYSTEM01
[2018.10.12-18.14.26:045][  0]LogInit: User: User
[2018.10.12-18.14.26:045][  0]LogInit: CPU Page size=4096, Cores=4
[2018.10.12-18.14.26:045][  0]LogInit: High frequency timer resolution =3.328127 MHz
[2018.10.12-18.14.26:045][  0]LogMemory: Memory total: Physical=7.9GB (8GB approx)
[2018.10.12-18.14.26:045][  0]LogMemory: Platform Memory Stats for Windows
[2018.10.12-18.14.26:045][  0]LogMemory: Process Physical Memory: 100.71 MB used, 100.71 MB peak
[2018.10.12-18.14.26:045][  0]LogMemory: Process Virtual Memory: 91.94 MB used, 91.94 MB peak
[2018.10.12-18.14.26:045][  0]LogMemory: Physical Memory: 4360.57 MB used,  3755.96 MB free, 8116.52 MB total
[2018.10.12-18.14.26:045][  0]LogMemory: Virtual Memory: 511.66 MB used,  3755.96 MB free, 134217728.00 MB total
[2018.10.12-18.14.26:058][  0]LogInit: Using OS detected language (en-US).
[2018.10.12-18.14.26:058][  0]LogInit: Using OS detected locale (en-US).
[2018.10.12-18.14.26:058][  0]LogTextLocalizationManager: No specific localization for 'en-US' exists, so the 'en' localization will be used.
[2018.10.12-18.14.26:382][  0]LogStreaming: Display: Took  0.324s to InitEngineTextLocalization.
[2018.10.12-18.14.26:382][  0]LogInit: Setting process to per monitor DPI aware
[2018.10.12-18.14.26:404][  0]LogSlate: New Slate User Created.  User Index 0, Is Virtual User: 0
[2018.10.12-18.14.26:404][  0]LogSlate: Slate User Registered.  User Index 0, Is Virtual User: 0
[2018.10.12-18.14.26:552][  0]LogHMD: Failed to initialize OpenVR with code 110
[2018.10.12-18.14.26:552][  0]LogD3D11RHI: D3D11 adapters:
[2018.10.12-18.14.26:580][  0]LogD3D11RHI:    0. 'AMD FirePro W4100' (Feature Level 11_0)
[2018.10.12-18.14.26:580][  0]LogD3D11RHI:       2029/0/4058 MB DedicatedVideo/DedicatedSystem/SharedSystem, Outputs:1, VendorId:0x1002
[2018.10.12-18.14.26:581][  0]LogD3D11RHI:    1. 'Microsoft Basic Render Driver' (Feature Level 11_0)
[2018.10.12-18.14.26:581][  0]LogD3D11RHI:       0/0/4058 MB DedicatedVideo/DedicatedSystem/SharedSystem, Outputs:0, VendorId:0x1414
[2018.10.12-18.14.26:581][  0]LogD3D11RHI: Chosen D3D11 Adapter: 0
[2018.10.12-18.14.26:589][  0]LogD3D11RHI: Creating new Direct3DDevice
[2018.10.12-18.14.26:589][  0]LogD3D11RHI:     GPU DeviceId: 0x682c (for the marketing name, search the web for "GPU Device Id")
[2018.10.12-18.14.26:589][  0]LogWindows: EnumDisplayDevices:
[2018.10.12-18.14.26:589][  0]LogWindows:    0. 'AMD FirePro W4100' (P:1 D:1)
[2018.10.12-18.14.26:589][  0]LogWindows:    1. 'AMD FirePro W4100' (P:0 D:0)
[2018.10.12-18.14.26:589][  0]LogWindows:    2. 'AMD FirePro W4100' (P:0 D:0)
[2018.10.12-18.14.26:590][  0]LogWindows:    3. 'AMD FirePro W4100' (P:0 D:0)
[2018.10.12-18.14.26:590][  0]LogWindows:    4. 'AMD FirePro W4100' (P:0 D:0)
[2018.10.12-18.14.26:590][  0]LogWindows:    5. 'AMD FirePro W4100' (P:0 D:0)
[2018.10.12-18.14.26:590][  0]LogWindows:    6. 'LogMeIn Mirror Driver' (P:0 D:0)
[2018.10.12-18.14.26:591][  0]LogWindows: DebugString: GetVideoDriverDetailsInvalid PrimaryIsNotTheChoosenAdapter FoundDriverCount:6 
[2018.10.12-18.14.26:591][  0]LogD3D11RHI:     Adapter Name: AMD FirePro W4100
[2018.10.12-18.14.26:591][  0]LogD3D11RHI:   Driver Version: Crimson ReLive 17.1.1 (internal:21.19.384.3, unified:21.19.384.3)
[2018.10.12-18.14.26:591][  0]LogD3D11RHI:      Driver Date: 1-11-2017
[2018.10.12-18.14.26:591][  0]LogRHI: Texture pool is 1420 MB (70% of 2029 MB)
[2018.10.12-18.14.26:642][  0]LogD3D11RHI: Async texture creation enabled
[2018.10.12-18.14.26:653][  0]LogD3D11RHI: GPU Timing Frequency: 27.000000 (Debug: 2 1)
[2018.10.12-18.14.26:654][  0]LogShaderCompilers: Guid format shader working directory is 15 characters bigger than the processId version (../../../../../../game/tps/tps/Intermediate/Shaders/WorkingDirectory/8392/).
[2018.10.12-18.14.26:655][  0]LogShaderCompilers: Cleaned the shader compiler working directory 'C:/Users/User/AppData/Local/Temp/UnrealShaderWorkingDir/731596BA47A516B033D28ABB42295BA1/'.
[2018.10.12-18.14.26:815][  0]LogTemp: Display: Loaded TP AllDesktopTargetPlatform
[2018.10.12-18.14.26:826][  0]LogTemp: Display: Loaded TP MacClientTargetPlatform
[2018.10.12-18.14.26:837][  0]LogTemp: Display: Loaded TP MacNoEditorTargetPlatform
[2018.10.12-18.14.26:848][  0]LogTemp: Display: Loaded TP MacServerTargetPlatform
[2018.10.12-18.14.26:859][  0]LogTemp: Display: Loaded TP MacTargetPlatform
[2018.10.12-18.14.26:869][  0]LogTemp: Display: Loaded TP WindowsClientTargetPlatform
[2018.10.12-18.14.26:880][  0]LogTemp: Display: Loaded TP WindowsNoEditorTargetPlatform
[2018.10.12-18.14.26:891][  0]LogTemp: Display: Loaded TP WindowsServerTargetPlatform
[2018.10.12-18.14.26:896][  0]LogTemp: Display: Loaded TP WindowsTargetPlatform
[2018.10.12-18.14.26:960][  0]LogTemp: Display: Loaded TP AndroidTargetPlatform
[2018.10.12-18.14.26:960][  0]LogTemp: Display: Loaded TP AndroidTargetPlatform
[2018.10.12-18.14.26:960][  0]LogTemp: Display: Loaded TP AndroidTargetPlatform
[2018.10.12-18.14.26:960][  0]LogTemp: Display: Loaded TP AndroidTargetPlatform
[2018.10.12-18.14.26:960][  0]LogTemp: Display: Loaded TP AndroidTargetPlatform
[2018.10.12-18.14.26:960][  0]LogTemp: Display: Loaded TP AndroidTargetPlatform
[2018.10.12-18.14.26:960][  0]LogTemp: Display: Loaded TP AndroidTargetPlatform
[2018.10.12-18.14.26:960][  0]LogTemp: Display: Loaded TP AndroidTargetPlatform
[2018.10.12-18.14.26:960][  0]LogTemp: Display: Loaded TP AndroidTargetPlatform
[2018.10.12-18.14.26:960][  0]LogTemp: Display: Loaded TP AndroidTargetPlatform
[2018.10.12-18.14.26:960][  0]LogTemp: Display: Loaded TP AndroidTargetPlatform
[2018.10.12-18.14.26:960][  0]LogTemp: Display: Loaded TP AndroidTargetPlatform
[2018.10.12-18.14.26:960][  0]LogTemp: Display: Loaded TP AndroidTargetPlatform
[2018.10.12-18.14.26:960][  0]LogTemp: Display: Loaded TP AndroidTargetPlatform
[2018.10.12-18.14.26:960][  0]LogTemp: Display: Loaded TP AndroidTargetPlatform
[2018.10.12-18.14.26:960][  0]LogTemp: Display: Loaded TP AndroidTargetPlatform
[2018.10.12-18.14.26:960][  0]LogTemp: Display: Loaded TP AndroidTargetPlatform
[2018.10.12-18.14.26:960][  0]LogTemp: Display: Loaded TP AndroidTargetPlatform
[2018.10.12-18.14.26:962][  0]LogTemp: Display: Loaded TP HTML5TargetPlatform
[2018.10.12-18.14.27:020][  0]LogTemp: Display: Loaded TP IOSTargetPlatform
[2018.10.12-18.14.27:020][  0]LogTemp: Display: Loaded TP IOSTargetPlatform
[2018.10.12-18.14.27:043][  0]LogTemp: Display: Loaded TP TVOSTargetPlatform
[2018.10.12-18.14.27:043][  0]LogTemp: Display: Loaded TP TVOSTargetPlatform
[2018.10.12-18.14.27:053][  0]LogTemp: Display: Loaded TP LinuxClientTargetPlatform
[2018.10.12-18.14.27:062][  0]LogTemp: Display: Loaded TP LinuxNoEditorTargetPlatform
[2018.10.12-18.14.27:072][  0]LogTemp: Display: Loaded TP LinuxServerTargetPlatform
[2018.10.12-18.14.27:083][  0]LogTemp: Display: Loaded TP LinuxTargetPlatform
[2018.10.12-18.14.27:090][  0]LogTemp: Display: Loaded TP LuminTargetPlatform
[2018.10.12-18.14.27:090][  0]LogTargetPlatformManager: Display: Building Assets For Windows
[2018.10.12-18.14.27:139][  0]LogXGEController: Cannot use XGE Controller as Incredibuild is not installed on this machine.
[2018.10.12-18.14.27:139][  0]LogShaderCompilers: Cannot use XGE Shader Compiler as Incredibuild is not installed on this machine.
[2018.10.12-18.14.27:139][  0]LogShaderCompilers: Display: Using Local Shader Compiler.
[2018.10.12-18.14.27:808][  0]LogDerivedDataCache: Display: Max Cache Size: 512 MB
[2018.10.12-18.14.27:896][  0]LogDerivedDataCache: Loaded boot cache 0.09s 71MB C:/Users/User/AppData/Local/UnrealEngine/4.20/DerivedDataCache/Boot.ddc.
[2018.10.12-18.14.27:897][  0]LogDerivedDataCache: Display: Loaded Boot cache: C:/Users/User/AppData/Local/UnrealEngine/4.20/DerivedDataCache/Boot.ddc
[2018.10.12-18.14.27:897][  0]LogDerivedDataCache: FDerivedDataBackendGraph:  Pak pak cache file ../../../../../../game/tps/tps/DerivedDataCache/DDC.ddp not found, will not use a pak cache.
[2018.10.12-18.14.27:897][  0]LogDerivedDataCache: Unable to find inner node Pak for hierarchical cache Hierarchy.
[2018.10.12-18.14.27:897][  0]LogDerivedDataCache: FDerivedDataBackendGraph:  CompressedPak pak cache file ../../../../../../game/tps/tps/DerivedDataCache/Compressed.ddp not found, will not use a pak cache.
[2018.10.12-18.14.27:897][  0]LogDerivedDataCache: Unable to find inner node CompressedPak for hierarchical cache Hierarchy.
[2018.10.12-18.14.27:909][  0]LogDerivedDataCache: Display: Pak cache opened for reading ../../../Engine/DerivedDataCache/Compressed.ddp.
[2018.10.12-18.14.27:921][  0]LogDerivedDataCache: Using Local data cache path C:/Users/User/AppData/Local/UnrealEngine/Common/DerivedDataCache: Writable
[2018.10.12-18.14.27:921][  0]LogDerivedDataCache: Shared data cache path not found in *engine.ini, will not use an Shared cache.
[2018.10.12-18.14.27:921][  0]LogDerivedDataCache: Unable to find inner node Shared for hierarchical cache Hierarchy.
[2018.10.12-18.14.27:940][  0]LogMaterial: Verifying Global Shaders for PCD3D_SM5
[2018.10.12-18.14.27:941][  0]LogSlate: Using FreeType 2.6.0
[2018.10.12-18.14.27:941][  0]LogSlate: SlateFontServices - WITH_FREETYPE: 1, WITH_HARFBUZZ: 1
[2018.10.12-18.14.28:010][  0]LogAssetRegistry: FAssetRegistry took 0.0256 seconds to start up
[2018.10.12-18.14.28:278][  0]LogInit: Selected Device Profile: [Windows]
[2018.10.12-18.14.28:390][  0]LogSimplygon: Simplygon DLL not present - disabling.
[2018.10.12-18.14.28:393][  0]LogMeshReduction: Using SimplygonSwarm for distributed automatic mesh merging
[2018.10.12-18.14.28:393][  0]LogMeshReduction: Using ProxyLODMeshReduction for automatic mesh merging
[2018.10.12-18.14.28:393][  0]LogMeshReduction: Using QuadricMeshReduction for automatic static mesh reduction
[2018.10.12-18.14.28:393][  0]LogMeshReduction: No automatic skeletal mesh reduction module available
[2018.10.12-18.14.28:411][  0]LogNetVersion: tps 1.0.0, NetCL: 4212847, EngineNetVer: 5, GameNetVer: 0 (Checksum: 1141273888)
[2018.10.12-18.14.28:856][  0]LogPackageLocalizationCache: Processed 11 localized package path(s) for 2 prioritized culture(s) in 0.054996 seconds
[2018.10.12-18.14.28:861][  0]LogUObjectArray: 38425 objects as part of root set at end of initial load.
[2018.10.12-18.14.28:861][  0]LogUObjectAllocator: 6690864 out of 0 bytes used by permanent object pool.
[2018.10.12-18.14.28:861][  0]LogUObjectArray: CloseDisregardForGC: 0/0 objects in disregard for GC pool
[2018.10.12-18.14.29:530][  0]LogTcpMessaging: Initializing TcpMessaging bridge
[2018.10.12-18.14.29:542][  0]LogUdpMessaging: Initializing bridge on interface 0.0.0.0:0 to multicast group 230.0.0.1:6666.
[2018.10.12-18.14.29:672][  0]SourceControl: Source control is disabled
[2018.10.12-18.14.29:672][  0]SourceControl: Source control is disabled
[2018.10.12-18.14.29:673][  0]SourceControl: Source control is disabled
[2018.10.12-18.14.29:673][  0]SourceControl: Source control is disabled
[2018.10.12-18.14.29:814][  0]LogAndroidPermission: UAndroidPermissionCallbackProxy::GetInstance
[2018.10.12-18.14.29:846][  0]LogOcInput: OculusInput pre-init called
[2018.10.12-18.14.29:899][  0]LogEngine: Initializing Engine...
[2018.10.12-18.14.29:900][  0]LogHMD: Failed to initialize OpenVR with code 110
[2018.10.12-18.14.29:901][  0]LogStats: UGameplayTagsManager::ConstructGameplayTagTree: ImportINI prefixes -  0.000 s
[2018.10.12-18.14.29:901][  0]LogStats: UGameplayTagsManager::ConstructGameplayTagTree: Construct from data asset -  0.000 s
[2018.10.12-18.14.29:901][  0]LogStats: UGameplayTagsManager::ConstructGameplayTagTree: ImportINI -  0.000 s
[2018.10.12-18.14.29:901][  0]LogStats: UGameplayTagsManager::ConstructGameplayTagTree: GameplayTagTreeChangedEvent.Broadcast -  0.000 s
[2018.10.12-18.14.30:112][  0]LogInit: Initializing FReadOnlyCVARCache
[2018.10.12-18.14.30:124][  0]LogAIModule: Creating AISystem for world Untitled
[2018.10.12-18.14.30:146][  0]LogInit: XAudio2 using 'Speakers / Headphones (Realtek Audio)' : 2 channels at 48 kHz using 32 bits per sample (channel mask 0x3)
[2018.10.12-18.14.30:299][  0]LogInit: FAudioDevice initialized.
[2018.10.12-18.14.30:299][  0]LogNetVersion: Set ProjectVersion to 1.0.0.0. Version Checksum will be recalculated on next use.
[2018.10.12-18.14.30:362][  0]LogDerivedDataCache: Saved boot cache 0.06s 71MB C:/Users/User/AppData/Local/UnrealEngine/4.20/DerivedDataCache/Boot.ddc.
[2018.10.12-18.14.30:371][  0]LogInit: Texture streaming: Enabled
[2018.10.12-18.14.30:387][  0]LogEngineSessionManager: EngineSessionManager initialized
[2018.10.12-18.14.30:397][  0]LogInit: Transaction tracking system initialized
[2018.10.12-18.14.30:414][  0]BlueprintLog: New page: Editor Load
[2018.10.12-18.14.30:475][  0]LocalizationService: Localization service is disabled
[2018.10.12-18.14.30:697][  0]LogCook: Display: Max memory allowance for cook 16384mb min free memory 0mb
[2018.10.12-18.14.30:697][  0]LogCook: Display: Mobile HDR setting 1
[2018.10.12-18.14.30:697][  0]LogGameplayTags: Display: UGameplayTagsManager::DoneAddingNativeTags. DelegateIsBound: 0
[2018.10.12-18.14.30:697][  0]LogStats: UGameplayTagsManager::ConstructGameplayTagTree: ImportINI prefixes -  0.000 s
[2018.10.12-18.14.30:697][  0]LogStats: UGameplayTagsManager::ConstructGameplayTagTree: Construct from data asset -  0.000 s
[2018.10.12-18.14.30:697][  0]LogStats: UGameplayTagsManager::ConstructGameplayTagTree: ImportINI -  0.000 s
[2018.10.12-18.14.30:697][  0]LogStats: UGameplayTagsManager::ConstructGameplayTagTree: GameplayTagTreeChangedEvent.Broadcast -  0.000 s
[2018.10.12-18.14.30:797][  0]LogFileCache: Scanning file cache for directory 'C:/game/tps/tps/Content/' took 0.01s
[2018.10.12-18.14.30:798][  0]SourceControl: Source control is disabled
[2018.10.12-18.14.30:798][  0]Cmd: MAP LOAD FILE="../../../../../../game/tps/tps/Content/ThirdPersonBP/Maps/ThirdPersonExampleMap.umap" TEMPLATE=0 SHOWPROGRESS=1 FEATURELEVEL=3
[2018.10.12-18.14.30:798][  0]LightingResults: New page: Lighting Build
[2018.10.12-18.14.30:800][  0]MapCheck: New page: Map Check
[2018.10.12-18.14.30:800][  0]LightingResults: New page: Lighting Build
[2018.10.12-18.14.31:412][  0]LogAIModule: Creating AISystem for world ThirdPersonExampleMap
[2018.10.12-18.14.31:418][  0]LogBlueprintUserMessages: [e_anim_bp_C_0] no die call
[2018.10.12-18.14.31:420][  0]LogBlueprintUserMessages: [e_anim_bp_C_0] no die call
[2018.10.12-18.14.31:423][  0]LogEditorServer: Finished looking for orphan Actors (0.000 secs)
[2018.10.12-18.14.31:444][  0]Cmd: MAP CHECKDEP NOCLEARLOG
[2018.10.12-18.14.31:496][  0]MapCheck: Map check complete: 0 Error(s), 0 Warning(s), took 52.203ms to complete.
[2018.10.12-18.14.31:496][  0]LogFileHelpers: Loading map 'ThirdPersonExampleMap' took 0.699
[2018.10.12-18.14.31:580][  0]LogSlate: Updating window title bar state: overlay mode, drag disabled, window buttons hidden, title bar hidden
[2018.10.12-18.14.31:587][  0]LogSlate: Updating window title bar state: overlay mode, drag disabled, window buttons hidden, title bar hidden
[2018.10.12-18.14.31:594][  0]LogSlate: Updating window title bar state: overlay mode, drag disabled, window buttons hidden, title bar hidden
[2018.10.12-18.14.31:600][  0]LogSlate: Updating window title bar state: overlay mode, drag disabled, window buttons hidden, title bar hidden
[2018.10.12-18.14.31:606][  0]LogCollectionManager: Loaded 0 collections in 0.001303 seconds
[2018.10.12-18.14.31:645][  0]LogFileCache: Scanning file cache for directory 'C:/game/tps/tps/Saved/Collections/' took 0.01s
[2018.10.12-18.14.31:645][  0]LogFileCache: Scanning file cache for directory 'C:/game/tps/tps/Content/Developers/User/Collections/' took 0.01s
[2018.10.12-18.14.31:645][  0]LogFileCache: Scanning file cache for directory 'C:/game/tps/tps/Content/Collections/' took 0.01s
[2018.10.12-18.14.31:645][  0]LogCollectionManager: Rebuilt the GUID cache for 0 collections in 0.000000 seconds
[2018.10.12-18.14.31:653][  0]LogContentBrowser: Native class hierarchy populated in 0.0081 seconds. Added 2572 classes and 603 folders.
[2018.10.12-18.14.31:660][  0]LogContentBrowser: Native class hierarchy updated for 'WidgetCarousel' in 0.0002 seconds. Added 0 classes and 0 folders.
[2018.10.12-18.14.31:769][  0]LogContentBrowser: Native class hierarchy updated for 'AddContentDialog' in 0.0002 seconds. Added 0 classes and 0 folders.
[2018.10.12-18.14.31:774][  0]LogContentBrowser: Native class hierarchy updated for 'SceneOutliner' in 0.0002 seconds. Added 1 classes and 2 folders.
[2018.10.12-18.14.31:787][  0]LogSlate: Took 0.000146 seconds to synchronously load lazily loaded font '../../../Engine/Content/Slate/Fonts/Roboto-Regular.ttf' (155K)
[2018.10.12-18.14.31:788][  0]LogSlate: Took 0.000163 seconds to synchronously load lazily loaded font '../../../Engine/Content/Slate/Fonts/Roboto-Bold.ttf' (160K)
[2018.10.12-18.14.31:794][  0]LogSlate: Took 0.001646 seconds to synchronously load lazily loaded font '../../../Engine/Content/Editor/Slate/Fonts/FontAwesome.ttf' (139K)
[2018.10.12-18.14.31:874][  0]LogRenderer: Reallocating scene render targets to support 1208x576 Format 10 NumSamples 1 (Frame:1).
[2018.10.12-18.14.32:017][  0]LogSlate: FSceneViewport::OnFocusLost() reason 2
[2018.10.12-18.14.32:030][  0]LogSlate: Window 'Tutorials' being destroyed
[2018.10.12-18.14.32:058][  0]LogContentBrowser: Native class hierarchy updated for 'HierarchicalLODOutliner' in 0.0002 seconds. Added 0 classes and 0 folders.
[2018.10.12-18.14.32:059][  0]LogLoad: (Engine Initialization) Total time: 7.40 seconds
[2018.10.12-18.14.32:059][  0]LogLoad: (Engine Initialization) Total Blueprint compile time: 0.00 seconds
[2018.10.12-18.14.32:095][  0]LogContentStreaming: Texture pool size now 3000 MB
[2018.10.12-18.14.32:117][  0]LogSlate: Took 0.001825 seconds to synchronously load lazily loaded font '../../../Engine/Content/Slate/Fonts/Roboto-Light.ttf' (167K)
[2018.10.12-18.14.32:150][  1]LogAssetRegistry: Asset discovery search completed in 4.1619 seconds
[2018.10.12-18.14.32:151][  1]LogCollectionManager: Rebuilt the object cache for 0 collections in 0.000000 seconds (found 0 objects)
[2018.10.12-18.14.32:151][  1]LogCollectionManager: Fixed up redirectors for 0 collections in 0.000041 seconds (updated 0 objects)
[2018.10.12-18.14.32:808][  3]LogBlueprintUserMessages: [e_anim_bp_C_0] no die call
[2018.10.12-18.14.33:519][  5]LogSlate: Took 0.000149 seconds to synchronously load lazily loaded font '../../../Engine/Content/Slate/Fonts/Roboto-Light.ttf' (167K)
[2018.10.12-18.15.25:140][159]LogSlate: FSceneViewport::OnFocusLost() reason 0
[2018.10.12-18.18.57:371][575]LogAssetEditorManager: Opening Asset editor for Material /Game/ThirdPersonBP/Blueprints/NewMaterial.NewMaterial
[2018.10.12-18.18.57:374][575]LogMaterial: Display: Missing cached shader map for material NewMaterial, compiling. 
[2018.10.12-18.18.57:721][575]LogMaterial: Display: Missing cached shader map for material NewMaterial, compiling. 
[2018.10.12-18.18.57:734][575]LogMaterial: Display: Missing cached shader map for material NewMaterial, compiling. 
[2018.10.12-18.18.57:758][575]LogShaderCompilers: Display: Shaders left to compile 21
[2018.10.12-18.18.57:758][575]LogShaderCompilers: Display: Shaders left to compile 20
[2018.10.12-18.18.57:758][575]LogShaderCompilers: Display: Shaders left to compile 19
[2018.10.12-18.18.57:758][575]LogShaderCompilers: Display: Shaders left to compile 18
[2018.10.12-18.18.57:798][575]LogSlate: Took 0.001646 seconds to synchronously load lazily loaded font '../../../Engine/Content/Slate/Fonts/Roboto-BoldCondensed.ttf' (158K)
[2018.10.12-18.18.58:253][590]LogShaderCompilers: Display: Shaders left to compile 17
[2018.10.12-18.18.58:293][591]LogShaderCompilers: Display: Shaders left to compile 16
[2018.10.12-18.18.58:295][591]LogShaderCompilers: Display: Shaders left to compile 15
[2018.10.12-18.18.58:305][592]LogShaderCompilers: Display: Shaders left to compile 14
[2018.10.12-18.18.58:410][596]LogShaderCompilers: Display: Shaders left to compile 13
[2018.10.12-18.18.58:426][597]LogShaderCompilers: Display: Shaders left to compile 12
[2018.10.12-18.18.58:454][598]LogShaderCompilers: Display: Shaders left to compile 11
[2018.10.12-18.18.58:458][598]LogShaderCompilers: Display: Shaders left to compile 10
[2018.10.12-18.18.58:550][602]LogShaderCompilers: Display: Shaders left to compile 9
[2018.10.12-18.18.58:679][607]LogShaderCompilers: Display: Shaders left to compile 8
[2018.10.12-18.18.58:785][611]LogShaderCompilers: Display: Shaders left to compile 7
[2018.10.12-18.18.58:830][613]LogShaderCompilers: Display: Shaders left to compile 6
[2018.10.12-18.18.58:909][616]LogShaderCompilers: Display: Shaders left to compile 5
[2018.10.12-18.18.59:003][620]LogShaderCompilers: Display: Shaders left to compile 4
[2018.10.12-18.18.59:036][621]LogShaderCompilers: Display: Shaders left to compile 3
[2018.10.12-18.18.59:195][627]LogShaderCompilers: Display: Shaders left to compile 2
[2018.10.12-18.18.59:220][628]LogShaderCompilers: Display: Shaders left to compile 1
[2018.10.12-18.18.59:632][645]LogSlate: Window 'NewMaterial*' being destroyed
[2018.10.12-18.18.59:637][645]LogSlate: Window 'NewMaterial*' being destroyed
[2018.10.12-18.19.00:923][705]LogSavePackage: Moving '../../../../../../game/tps/tps/Saved/ThirdPersonExampleMap2A5B094449D01175167486B648AD0D58.tmp' to '../../../../../../game/tps/tps/Content/ThirdPersonBP/Maps/ThirdPersonExampleMap.umap'
[2018.10.12-18.19.00:940][705]Cmd: OBJ SAVEPACKAGE PACKAGE="/Game/ThirdPersonBP/Maps/ThirdPersonExampleMap_BuiltData" FILE="../../../../../../game/tps/tps/Content/ThirdPersonBP/Maps/ThirdPersonExampleMap_BuiltData.uasset" SILENT=true
[2018.10.12-18.19.01:121][705]LogSavePackage: Moving '../../../../../../game/tps/tps/Saved/ThirdPersonExampleMap_BuiltDataA8D9FA1E478AE39B985C9A8C8B462152.tmp' to '../../../../../../game/tps/tps/Content/ThirdPersonBP/Maps/ThirdPersonExampleMap_BuiltData.uasset'
